2020-02-22 10:30:40,079 [Worker-0: Loading available Gradle versions] INFO  o.e.b.c.i.u.g.PublishedGradleVersions - Gradle version information cache is up-to-date. Trying to read.
2020-02-22 10:32:10,711 [Worker-13: Importing Maven projects] INFO  o.e.m.c.i.l.LifecycleMappingFactory - Using org.eclipse.m2e.jdt.JarLifecycleMapping lifecycle mapping for MavenProject: com.bhyh:tokenDemo:0.0.1-SNAPSHOT @ D:\java_codes\eclipse_codes_bak\bhyh-dahua-camera-netsdk\dahuaThermalCamera\pom.xml.
2020-02-22 10:32:11,813 [Worker-13: Importing Maven projects] INFO  o.e.m.j.i.AbstractJavaProjectConfigurator - Adding source folder /dahuaThermalCamera/src/main/java
2020-02-22 10:32:11,814 [Worker-13: Importing Maven projects] INFO  o.e.m.j.i.AbstractJavaProjectConfigurator - Adding resource folder /dahuaThermalCamera/src/main/resources
2020-02-22 10:32:11,815 [Worker-13: Importing Maven projects] INFO  o.e.m.j.i.AbstractJavaProjectConfigurator - Adding resource folder /dahuaThermalCamera/src/main/resources
2020-02-22 10:32:11,816 [Worker-13: Importing Maven projects] INFO  o.e.m.j.i.AbstractJavaProjectConfigurator - Adding source folder /dahuaThermalCamera/src/test/java
2020-02-22 10:32:12,319 [Worker-13: Importing Maven projects] INFO  o.e.m.c.i.p.ProjectConfigurationManager - Imported and configured 1 project(s) in 2 sec
2020-02-22 10:34:30,293 [Worker-3: Building workspace] INFO  o.e.m.c.i.embedder.EclipseLogger - Using 'UTF-8' encoding to copy filtered resources.
2020-02-22 10:34:30,300 [Worker-3: Building workspace] INFO  o.e.m.c.i.embedder.EclipseLogger - Copying 2 resources
2020-02-22 10:34:30,320 [Worker-3: Building workspace] INFO  o.e.m.c.i.embedder.EclipseLogger - Copying 11 resources
2020-02-22 10:34:30,346 [Worker-3: Building workspace] INFO  o.e.m.c.i.embedder.EclipseLogger - Using 'UTF-8' encoding to copy filtered resources.
2020-02-22 10:34:30,347 [Worker-3: Building workspace] INFO  o.e.m.c.i.embedder.EclipseLogger - skip non existing resourceDirectory D:\java_codes\eclipse_codes_bak\bhyh-dahua-camera-netsdk\dahuaThermalCamera\src\test\resources
2020-02-22 10:40:32,656 [Worker-4: Building workspace] INFO  o.e.m.c.i.embedder.EclipseLogger - Using 'UTF-8' encoding to copy filtered resources.
2020-02-22 10:40:32,660 [Worker-4: Building workspace] INFO  o.e.m.c.i.embedder.EclipseLogger - Copying 2 resources
2020-02-22 10:40:32,664 [Worker-4: Building workspace] INFO  o.e.m.c.i.embedder.EclipseLogger - Copying 11 resources
2020-02-22 10:40:32,681 [Worker-4: Building workspace] INFO  o.e.m.c.i.embedder.EclipseLogger - Using 'UTF-8' encoding to copy filtered resources.
2020-02-22 10:40:32,682 [Worker-4: Building workspace] INFO  o.e.m.c.i.embedder.EclipseLogger - skip non existing resourceDirectory D:\java_codes\eclipse_codes_bak\bhyh-dahua-camera-netsdk\dahuaThermalCamera\src\test\resources
2020-02-22 10:43:23,193 [Worker-12: Building workspace] INFO  o.e.m.c.i.embedder.EclipseLogger - Using 'UTF-8' encoding to copy filtered resources.
2020-02-22 10:43:23,195 [Worker-12: Building workspace] INFO  o.e.m.c.i.embedder.EclipseLogger - Copying 2 resources
2020-02-22 10:43:23,199 [Worker-12: Building workspace] INFO  o.e.m.c.i.embedder.EclipseLogger - Copying 11 resources
2020-02-22 10:43:23,215 [Worker-12: Building workspace] INFO  o.e.m.c.i.embedder.EclipseLogger - Using 'UTF-8' encoding to copy filtered resources.
2020-02-22 10:43:23,215 [Worker-12: Building workspace] INFO  o.e.m.c.i.embedder.EclipseLogger - skip non existing resourceDirectory D:\java_codes\eclipse_codes_bak\bhyh-dahua-camera-netsdk\dahuaThermalCamera\src\test\resources
2020-02-22 10:43:28,111 [Worker-12: Building workspace] INFO  o.e.m.c.i.embedder.EclipseLogger - Using 'UTF-8' encoding to copy filtered resources.
2020-02-22 10:43:28,112 [Worker-12: Building workspace] INFO  o.e.m.c.i.embedder.EclipseLogger - Copying 0 resource
2020-02-22 10:43:28,112 [Worker-12: Building workspace] INFO  o.e.m.c.i.embedder.EclipseLogger - Copying 0 resource
2020-02-22 10:43:28,113 [Worker-12: Building workspace] INFO  o.e.m.c.i.embedder.EclipseLogger - Using 'UTF-8' encoding to copy filtered resources.
2020-02-22 10:43:28,113 [Worker-12: Building workspace] INFO  o.e.m.c.i.embedder.EclipseLogger - skip non existing resourceDirectory D:\java_codes\eclipse_codes_bak\bhyh-dahua-camera-netsdk\dahuaThermalCamera\src\test\resources
2020-02-22 10:50:12,420 [Worker-22: Building workspace] INFO  o.e.m.c.i.embedder.EclipseLogger - Using 'UTF-8' encoding to copy filtered resources.
2020-02-22 10:50:12,423 [Worker-22: Building workspace] INFO  o.e.m.c.i.embedder.EclipseLogger - Copying 2 resources
2020-02-22 10:50:12,427 [Worker-22: Building workspace] INFO  o.e.m.c.i.embedder.EclipseLogger - Copying 11 resources
2020-02-22 10:50:12,430 [Worker-22: Building workspace] INFO  o.e.m.c.i.embedder.EclipseLogger - Using 'UTF-8' encoding to copy filtered resources.
2020-02-22 10:50:12,430 [Worker-22: Building workspace] INFO  o.e.m.c.i.embedder.EclipseLogger - skip non existing resourceDirectory D:\java_codes\eclipse_codes_bak\bhyh-dahua-camera-netsdk\dahuaThermalCamera\src\test\resources
2020-02-22 10:55:13,525 [Worker-25: Building workspace] INFO  o.e.m.c.i.embedder.EclipseLogger - Using 'UTF-8' encoding to copy filtered resources.
2020-02-22 10:55:13,528 [Worker-25: Building workspace] INFO  o.e.m.c.i.embedder.EclipseLogger - Copying 2 resources
2020-02-22 10:55:13,531 [Worker-25: Building workspace] INFO  o.e.m.c.i.embedder.EclipseLogger - Copying 11 resources
2020-02-22 10:55:13,535 [Worker-25: Building workspace] INFO  o.e.m.c.i.embedder.EclipseLogger - Using 'UTF-8' encoding to copy filtered resources.
2020-02-22 10:55:13,535 [Worker-25: Building workspace] INFO  o.e.m.c.i.embedder.EclipseLogger - skip non existing resourceDirectory D:\java_codes\eclipse_codes_bak\bhyh-dahua-camera-netsdk\dahuaThermalCamera\src\test\resources
2020-02-22 10:55:41,286 [Worker-26: Building workspace] INFO  o.e.m.c.i.embedder.EclipseLogger - Using 'UTF-8' encoding to copy filtered resources.
2020-02-22 10:55:41,288 [Worker-26: Building workspace] INFO  o.e.m.c.i.embedder.EclipseLogger - Copying 2 resources
2020-02-22 10:55:41,291 [Worker-26: Building workspace] INFO  o.e.m.c.i.embedder.EclipseLogger - Copying 11 resources
2020-02-22 10:55:41,294 [Worker-26: Building workspace] INFO  o.e.m.c.i.embedder.EclipseLogger - Using 'UTF-8' encoding to copy filtered resources.
2020-02-22 10:55:41,295 [Worker-26: Building workspace] INFO  o.e.m.c.i.embedder.EclipseLogger - skip non existing resourceDirectory D:\java_codes\eclipse_codes_bak\bhyh-dahua-camera-netsdk\dahuaThermalCamera\src\test\resources
2020-02-22 10:55:52,577 [Worker-19: Building workspace] INFO  o.e.m.c.i.embedder.EclipseLogger - Using 'UTF-8' encoding to copy filtered resources.
2020-02-22 10:55:52,580 [Worker-19: Building workspace] INFO  o.e.m.c.i.embedder.EclipseLogger - Copying 2 resources
2020-02-22 10:55:52,583 [Worker-19: Building workspace] INFO  o.e.m.c.i.embedder.EclipseLogger - Copying 11 resources
2020-02-22 10:55:52,590 [Worker-19: Building workspace] INFO  o.e.m.c.i.embedder.EclipseLogger - Using 'UTF-8' encoding to copy filtered resources.
2020-02-22 10:55:52,590 [Worker-19: Building workspace] INFO  o.e.m.c.i.embedder.EclipseLogger - skip non existing resourceDirectory D:\java_codes\eclipse_codes_bak\bhyh-dahua-camera-netsdk\dahuaThermalCamera\src\test\resources
2020-02-22 11:21:48,590 [Worker-43: Building workspace] INFO  o.e.m.c.i.embedder.EclipseLogger - Using 'UTF-8' encoding to copy filtered resources.
2020-02-22 11:21:48,593 [Worker-43: Building workspace] INFO  o.e.m.c.i.embedder.EclipseLogger - Copying 2 resources
2020-02-22 11:21:48,597 [Worker-43: Building workspace] INFO  o.e.m.c.i.embedder.EclipseLogger - Copying 11 resources
2020-02-22 11:21:48,612 [Worker-43: Building workspace] INFO  o.e.m.c.i.embedder.EclipseLogger - Using 'UTF-8' encoding to copy filtered resources.
2020-02-22 11:21:48,612 [Worker-43: Building workspace] INFO  o.e.m.c.i.embedder.EclipseLogger - skip non existing resourceDirectory D:\java_codes\eclipse_codes_bak\bhyh-dahua-camera-netsdk\dahuaThermalCamera\src\test\resources
2020-02-22 11:23:05,523 [Worker-39: Building workspace] INFO  o.e.m.c.i.embedder.EclipseLogger - Using 'UTF-8' encoding to copy filtered resources.
2020-02-22 11:23:05,526 [Worker-39: Building workspace] INFO  o.e.m.c.i.embedder.EclipseLogger - Copying 2 resources
2020-02-22 11:23:05,529 [Worker-39: Building workspace] INFO  o.e.m.c.i.embedder.EclipseLogger - Copying 11 resources
2020-02-22 11:23:05,533 [Worker-39: Building workspace] INFO  o.e.m.c.i.embedder.EclipseLogger - Using 'UTF-8' encoding to copy filtered resources.
2020-02-22 11:23:05,533 [Worker-39: Building workspace] INFO  o.e.m.c.i.embedder.EclipseLogger - skip non existing resourceDirectory D:\java_codes\eclipse_codes_bak\bhyh-dahua-camera-netsdk\dahuaThermalCamera\src\test\resources
2020-02-22 11:50:53,484 [Worker-57: Building workspace] INFO  o.e.m.c.i.embedder.EclipseLogger - Using 'UTF-8' encoding to copy filtered resources.
2020-02-22 11:50:53,487 [Worker-57: Building workspace] INFO  o.e.m.c.i.embedder.EclipseLogger - Copying 2 resources
2020-02-22 11:50:53,490 [Worker-57: Building workspace] INFO  o.e.m.c.i.embedder.EclipseLogger - Copying 11 resources
2020-02-22 11:50:53,493 [Worker-57: Building workspace] INFO  o.e.m.c.i.embedder.EclipseLogger - Using 'UTF-8' encoding to copy filtered resources.
2020-02-22 11:50:53,493 [Worker-57: Building workspace] INFO  o.e.m.c.i.embedder.EclipseLogger - skip non existing resourceDirectory D:\java_codes\eclipse_codes_bak\bhyh-dahua-camera-netsdk\dahuaThermalCamera\src\test\resources
2020-02-22 11:59:40,276 [Worker-65: Building workspace] INFO  o.e.m.c.i.embedder.EclipseLogger - Using 'UTF-8' encoding to copy filtered resources.
2020-02-22 11:59:40,279 [Worker-65: Building workspace] INFO  o.e.m.c.i.embedder.EclipseLogger - Copying 2 resources
2020-02-22 11:59:40,283 [Worker-65: Building workspace] INFO  o.e.m.c.i.embedder.EclipseLogger - Copying 11 resources
2020-02-22 11:59:40,285 [Worker-65: Building workspace] INFO  o.e.m.c.i.embedder.EclipseLogger - Using 'UTF-8' encoding to copy filtered resources.
2020-02-22 11:59:40,285 [Worker-65: Building workspace] INFO  o.e.m.c.i.embedder.EclipseLogger - skip non existing resourceDirectory D:\java_codes\eclipse_codes_bak\bhyh-dahua-camera-netsdk\dahuaThermalCamera\src\test\resources
2020-02-22 12:31:59,331 [Worker-90: Building workspace] INFO  o.e.m.c.i.embedder.EclipseLogger - Using 'UTF-8' encoding to copy filtered resources.
2020-02-22 12:31:59,334 [Worker-90: Building workspace] INFO  o.e.m.c.i.embedder.EclipseLogger - Copying 2 resources
2020-02-22 12:31:59,338 [Worker-90: Building workspace] INFO  o.e.m.c.i.embedder.EclipseLogger - Copying 11 resources
2020-02-22 12:31:59,340 [Worker-90: Building workspace] INFO  o.e.m.c.i.embedder.EclipseLogger - Using 'UTF-8' encoding to copy filtered resources.
2020-02-22 12:31:59,341 [Worker-90: Building workspace] INFO  o.e.m.c.i.embedder.EclipseLogger - skip non existing resourceDirectory D:\java_codes\eclipse_codes_bak\bhyh-dahua-camera-netsdk\dahuaThermalCamera\src\test\resources
2020-02-22 12:34:47,810 [Worker-91: Building workspace] INFO  o.e.m.c.i.embedder.EclipseLogger - Using 'UTF-8' encoding to copy filtered resources.
2020-02-22 12:34:47,812 [Worker-91: Building workspace] INFO  o.e.m.c.i.embedder.EclipseLogger - Copying 2 resources
2020-02-22 12:34:47,816 [Worker-91: Building workspace] INFO  o.e.m.c.i.embedder.EclipseLogger - Copying 11 resources
2020-02-22 12:34:47,819 [Worker-91: Building workspace] INFO  o.e.m.c.i.embedder.EclipseLogger - Using 'UTF-8' encoding to copy filtered resources.
2020-02-22 12:34:47,819 [Worker-91: Building workspace] INFO  o.e.m.c.i.embedder.EclipseLogger - skip non existing resourceDirectory D:\java_codes\eclipse_codes_bak\bhyh-dahua-camera-netsdk\dahuaThermalCamera\src\test\resources
2020-02-22 12:36:34,662 [Worker-92: Building workspace] INFO  o.e.m.c.i.embedder.EclipseLogger - Using 'UTF-8' encoding to copy filtered resources.
2020-02-22 12:36:34,665 [Worker-92: Building workspace] INFO  o.e.m.c.i.embedder.EclipseLogger - Copying 2 resources
2020-02-22 12:36:34,668 [Worker-92: Building workspace] INFO  o.e.m.c.i.embedder.EclipseLogger - Copying 11 resources
2020-02-22 12:36:34,672 [Worker-92: Building workspace] INFO  o.e.m.c.i.embedder.EclipseLogger - Using 'UTF-8' encoding to copy filtered resources.
2020-02-22 12:36:34,672 [Worker-92: Building workspace] INFO  o.e.m.c.i.embedder.EclipseLogger - skip non existing resourceDirectory D:\java_codes\eclipse_codes_bak\bhyh-dahua-camera-netsdk\dahuaThermalCamera\src\test\resources
2020-02-22 12:40:33,897 [Worker-94: Building workspace] INFO  o.e.m.c.i.embedder.EclipseLogger - Using 'UTF-8' encoding to copy filtered resources.
2020-02-22 12:40:33,900 [Worker-94: Building workspace] INFO  o.e.m.c.i.embedder.EclipseLogger - Copying 2 resources
2020-02-22 12:40:33,904 [Worker-94: Building workspace] INFO  o.e.m.c.i.embedder.EclipseLogger - Copying 11 resources
2020-02-22 12:40:33,907 [Worker-94: Building workspace] INFO  o.e.m.c.i.embedder.EclipseLogger - Using 'UTF-8' encoding to copy filtered resources.
2020-02-22 12:40:33,908 [Worker-94: Building workspace] INFO  o.e.m.c.i.embedder.EclipseLogger - skip non existing resourceDirectory D:\java_codes\eclipse_codes_bak\bhyh-dahua-camera-netsdk\dahuaThermalCamera\src\test\resources
2020-02-22 12:43:04,343 [Worker-83: Building workspace] INFO  o.e.m.c.i.embedder.EclipseLogger - Using 'UTF-8' encoding to copy filtered resources.
2020-02-22 12:43:04,346 [Worker-83: Building workspace] INFO  o.e.m.c.i.embedder.EclipseLogger - Copying 2 resources
2020-02-22 12:43:04,350 [Worker-83: Building workspace] INFO  o.e.m.c.i.embedder.EclipseLogger - Copying 11 resources
2020-02-22 12:43:04,352 [Worker-83: Building workspace] INFO  o.e.m.c.i.embedder.EclipseLogger - Using 'UTF-8' encoding to copy filtered resources.
2020-02-22 12:43:04,353 [Worker-83: Building workspace] INFO  o.e.m.c.i.embedder.EclipseLogger - skip non existing resourceDirectory D:\java_codes\eclipse_codes_bak\bhyh-dahua-camera-netsdk\dahuaThermalCamera\src\test\resources
2020-02-22 12:44:11,807 [Worker-96: Building workspace] INFO  o.e.m.c.i.embedder.EclipseLogger - Using 'UTF-8' encoding to copy filtered resources.
2020-02-22 12:44:11,811 [Worker-96: Building workspace] INFO  o.e.m.c.i.embedder.EclipseLogger - Copying 2 resources
2020-02-22 12:44:11,816 [Worker-96: Building workspace] INFO  o.e.m.c.i.embedder.EclipseLogger - Copying 11 resources
2020-02-22 12:44:11,819 [Worker-96: Building workspace] INFO  o.e.m.c.i.embedder.EclipseLogger - Using 'UTF-8' encoding to copy filtered resources.
2020-02-22 12:44:11,819 [Worker-96: Building workspace] INFO  o.e.m.c.i.embedder.EclipseLogger - skip non existing resourceDirectory D:\java_codes\eclipse_codes_bak\bhyh-dahua-camera-netsdk\dahuaThermalCamera\src\test\resources
2020-02-22 12:46:32,385 [Worker-95: Building workspace] INFO  o.e.m.c.i.embedder.EclipseLogger - Using 'UTF-8' encoding to copy filtered resources.
2020-02-22 12:46:32,388 [Worker-95: Building workspace] INFO  o.e.m.c.i.embedder.EclipseLogger - Copying 2 resources
2020-02-22 12:46:32,391 [Worker-95: Building workspace] INFO  o.e.m.c.i.embedder.EclipseLogger - Copying 11 resources
2020-02-22 12:46:32,394 [Worker-95: Building workspace] INFO  o.e.m.c.i.embedder.EclipseLogger - Using 'UTF-8' encoding to copy filtered resources.
2020-02-22 12:46:32,394 [Worker-95: Building workspace] INFO  o.e.m.c.i.embedder.EclipseLogger - skip non existing resourceDirectory D:\java_codes\eclipse_codes_bak\bhyh-dahua-camera-netsdk\dahuaThermalCamera\src\test\resources
2020-02-22 12:56:29,054 [Worker-2: Loading available Gradle versions] INFO  o.e.b.c.i.u.g.PublishedGradleVersions - Gradle version information cache is up-to-date. Trying to read.
2020-02-22 13:02:24,765 [Worker-23: Building workspace] INFO  o.e.m.c.i.embedder.EclipseLogger - Using 'UTF-8' encoding to copy filtered resources.
2020-02-22 13:02:24,773 [Worker-23: Building workspace] INFO  o.e.m.c.i.embedder.EclipseLogger - Copying 2 resources
2020-02-22 13:02:24,796 [Worker-23: Building workspace] INFO  o.e.m.c.i.embedder.EclipseLogger - Copying 11 resources
2020-02-22 13:02:24,800 [Worker-23: Building workspace] INFO  o.e.m.c.i.embedder.EclipseLogger - Using 'UTF-8' encoding to copy filtered resources.
2020-02-22 13:02:24,800 [Worker-23: Building workspace] INFO  o.e.m.c.i.embedder.EclipseLogger - skip non existing resourceDirectory D:\java_codes\eclipse_codes_bak\bhyh-dahua-camera-netsdk\dahuaThermalCamera\src\test\resources
2020-02-22 13:04:01,626 [Worker-16: Building workspace] INFO  o.e.m.c.i.embedder.EclipseLogger - Using 'UTF-8' encoding to copy filtered resources.
2020-02-22 13:04:01,632 [Worker-16: Building workspace] INFO  o.e.m.c.i.embedder.EclipseLogger - Copying 2 resources
2020-02-22 13:04:01,637 [Worker-16: Building workspace] INFO  o.e.m.c.i.embedder.EclipseLogger - Copying 11 resources
2020-02-22 13:04:01,641 [Worker-16: Building workspace] INFO  o.e.m.c.i.embedder.EclipseLogger - Using 'UTF-8' encoding to copy filtered resources.
2020-02-22 13:04:01,641 [Worker-16: Building workspace] INFO  o.e.m.c.i.embedder.EclipseLogger - skip non existing resourceDirectory D:\java_codes\eclipse_codes_bak\bhyh-dahua-camera-netsdk\dahuaThermalCamera\src\test\resources
